<?xml version="1.0" encoding="UTF-8" ?>

<testsuite failures="0" time="0.016" errors="0" skipped="0" tests="3" name="BasicTest">
  <testcase classname="BasicTest" name="aVeryImportantThingToTest" time="0">
      </testcase>
  <testcase classname="BasicTest" name="fullTest" time="0.01">
      </testcase>
  <testcase classname="BasicTest" name="createAndRetrieveUser" time="0.006">
      </testcase>
</testsuite>
